#
# There is insufficient memory for the Java Runtime Environment to continue.
# Native memory allocation (malloc) failed to allocate 32744 bytes for ChunkPool::allocate
# Possible reasons:
#   The system is out of physical RAM or swap space
#   In 32 bit mode, the process size limit was hit
# Possible solutions:
#   Reduce memory load on the system
#   Increase physical memory or swap space
#   Check if swap backing store is full
#   Use 64 bit Java on a 64 bit OS
#   Decrease Java heap size (-Xmx/-Xms)
#   Decrease number of Java threads
#   Decrease Java thread stack sizes (-Xss)
#   Set larger code cache with -XX:ReservedCodeCacheSize=
# This output file may be truncated or incomplete.
#
#  Out of Memory Error (allocation.cpp:273), pid=8068, tid=0x000000000000264c
#
# JRE version: Java(TM) SE Runtime Environment (8.0_171-b11) (build 1.8.0_171-b11)
# Java VM: Java HotSpot(TM) 64-Bit Server VM (25.171-b11 mixed mode windows-amd64 compressed oops)
# Failed to write core dump. Minidumps are not enabled by default on client versions of Windows
#

---------------  T H R E A D  ---------------

Current thread (0x000000005669a000):  JavaThread "C1 CompilerThread2" daemon [_thread_in_native, id=9804, stack(0x0000000056e10000,0x0000000056f10000)]

Stack: [0x0000000056e10000,0x0000000056f10000]
[error occurred during error reporting (printing stack bounds), id 0xc0000005]

Native frames: (J=compiled Java code, j=interpreted, Vv=VM code, C=native code)


Current CompileTask:
C1:    886   87   !   3      
[error occurred during error reporting (printing current compile task), id 0xe0000001]


---------------  P R O C E S S  ---------------

Java Threads: ( => current thread )
  0x0000000056711000 JavaThread "Service Thread" daemon [_thread_blocked, id=2520, stack(0x0000000056f70000,0x0000000057070000)]
=>0x000000005669a000 JavaThread "C1 CompilerThread2" daemon [_thread_in_native, id=9804, stack(0x0000000056e10000,0x0000000056f10000)]
  0x0000000056691000 JavaThread "C2 CompilerThread1" daemon [_thread_in_native, id=10448, stack(0x0000000056c20000,0x0000000056d20000)]
  0x0000000054f51000 JavaThread "C2 CompilerThread0" daemon [_thread_in_native, id=8824, stack(0x0000000056590000,0x0000000056690000)]
  0x0000000054f5f000 JavaThread "Attach Listener" daemon [_thread_blocked, id=4084, stack(0x0000000056350000,0x0000000056450000)]
  0x0000000054f5d800 JavaThread "Signal Dispatcher" daemon [_thread_blocked, id=3680, stack(0x0000000056180000,0x0000000056280000)]
  0x0000000054f3d000 JavaThread "Finalizer" daemon [_thread_blocked, id=3140, stack(0x0000000055e50000,0x0000000055f50000)]
  0x0000000054ef4000 JavaThread "Reference Handler" daemon [_thread_blocked, id=1648, stack(0x0000000055f90000,0x0000000056090000)]
  0x00000000001fe800 JavaThread "main" [_thread_in_vm, id=6964, stack(0x00000000023f0000,0x00000000024f0000)]

Other Threads:
  0x0000000054eec800 VMThread [stack: 0x0000000012210000,0x0000000012310000] [id=5752]
  0x00000000566f0800 WatcherThread [stack: 0x0000000056ab0000,0x0000000056bb0000] [id=4640]

VM state:not at safepoint (normal execution)

VM Mutex/Monitor currently owned by a thread: None

Heap:
 PSYoungGen      total 18944K, used 1966K [0x00000000eb200000, 0x00000000ec700000, 0x0000000100000000)
  eden space 16384K, 12% used [0x00000000eb200000,0x00000000eb3eb930,0x00000000ec200000)
  from space 2560K, 0% used [0x00000000ec480000,0x00000000ec480000,0x00000000ec700000)
  to   space 2560K, 0% used [0x00000000ec200000,0x00000000ec200000,0x00000000ec480000)
 ParOldGen       total 44032K, used 0K [0x00000000c1600000, 0x00000000c4100000, 0x00000000eb200000)
  object space 44032K, 0% used [0x00000000c1600000,0x00000000c1600000,0x00000000c4100000)
 Metaspace       used 3902K, capacity 4664K, committed 4864K, reserved 1056768K
  class space    used 436K, capacity 511K, committed 512K, reserved 1048576K

Card table byte_map: [0x0000000011b80000,0x0000000011d80000] byte_map_base: 0x0000000011575000

Marking Bits: (ParMarkBitMap*) 0x000000005c5308c0
 Begin Bits: [0x0000000012410000, 0x00000000133b8000)
 End Bits:   [0x00000000133b8000, 0x0000000014360000)

Polling page: 0x0000000000250000

CodeCache: size=245760Kb used=1213Kb max_used=1213Kb free=244546Kb
 bounds [0x00000000027c0000, 0x0000000002a30000, 0x00000000117c0000]
 total_blobs=381 nmethods=119 adapters=175
 compilation: enabled

Compilation events (10 events):
Event: 0.690 Thread 0x000000005669a000   81       3       java.util.ArrayList::ensureCapacityInternal (13 bytes)
Event: 0.691 Thread 0x000000005669a000 nmethod 81 0x00000000028ea6d0 code [0x00000000028ea860, 0x00000000028eabe8]
Event: 0.691 Thread 0x000000005669a000   82       3       java.util.ArrayList::calculateCapacity (16 bytes)
Event: 0.692 Thread 0x000000005669a000 nmethod 82 0x00000000028ead50 code [0x00000000028eaec0, 0x00000000028eb0f0]
Event: 0.692 Thread 0x000000005669a000   83   !   3       java.lang.ref.ReferenceQueue::poll (28 bytes)
Event: 0.693 Thread 0x000000005669a000 nmethod 83 0x00000000028eb190 code [0x00000000028eb300, 0x00000000028eb668]
Event: 0.693 Thread 0x000000005669a000   84       3       java.lang.String::lastIndexOf (13 bytes)
Event: 0.693 Thread 0x000000005669a000 nmethod 84 0x00000000028ebb10 code [0x00000000028ebc80, 0x00000000028ebe88]
Event: 0.733 Thread 0x0000000054f51000  104       4       java.lang.String::hashCode (55 bytes)
Event: 0.733 Thread 0x000000005669a000   87   !   3       java.util.concurrent.ConcurrentHashMap::putVal (362 bytes)

GC Heap History (0 events):
No events

Deoptimization events (0 events):
No events

Classes redefined (0 events):
No events

Internal exceptions (8 events):
Event: 0.129 Thread 0x00000000001fe800 Exception <a 'java/lang/NoSuchMethodError': Method sun.misc.Unsafe.defineClass(Ljava/lang/String;[BII)Ljava/lang/Class; name or signature does not match> (0x00000000eb207cb0) thrown at [C:\re\workspace\8-2-build-windows-amd64-cygwin\jdk8u171\10807\hotspot
Event: 0.129 Thread 0x00000000001fe800 Exception <a 'java/lang/NoSuchMethodError': Method sun.misc.Unsafe.prefetchRead(Ljava/lang/Object;J)V name or signature does not match> (0x00000000eb207f98) thrown at [C:\re\workspace\8-2-build-windows-amd64-cygwin\jdk8u171\10807\hotspot\src\share\vm\prim
Event: 0.520 Thread 0x00000000001fe800 Exception <a 'java/security/PrivilegedActionException'> (0x00000000eb282cf8) thrown at [C:\re\workspace\8-2-build-windows-amd64-cygwin\jdk8u171\10807\hotspot\src\share\vm\prims\jvm.cpp, line 1435]
Event: 0.520 Thread 0x00000000001fe800 Exception <a 'java/security/PrivilegedActionException'> (0x00000000eb282f08) thrown at [C:\re\workspace\8-2-build-windows-amd64-cygwin\jdk8u171\10807\hotspot\src\share\vm\prims\jvm.cpp, line 1435]
Event: 0.524 Thread 0x00000000001fe800 Exception <a 'java/security/PrivilegedActionException'> (0x00000000eb286e18) thrown at [C:\re\workspace\8-2-build-windows-amd64-cygwin\jdk8u171\10807\hotspot\src\share\vm\prims\jvm.cpp, line 1435]
Event: 0.524 Thread 0x00000000001fe800 Exception <a 'java/security/PrivilegedActionException'> (0x00000000eb287028) thrown at [C:\re\workspace\8-2-build-windows-amd64-cygwin\jdk8u171\10807\hotspot\src\share\vm\prims\jvm.cpp, line 1435]
Event: 0.591 Thread 0x00000000001fe800 Exception <a 'java/io/FileNotFoundException'> (0x00000000eb289470) thrown at [C:\re\workspace\8-2-build-windows-amd64-cygwin\jdk8u171\10807\hotspot\src\share\vm\prims\jni.cpp, line 709]
Event: 0.765 Thread 0x00000000001fe800 Exception <a 'java/lang/NoSuchFieldError': method resolution failed> (0x00000000eb3abc70) thrown at [C:\re\workspace\8-2-build-windows-amd64-cygwin\jdk8u171\10807\hotspot\src\share\vm\prims\methodHandles.cpp, line 1167]

Events (10 events):
Event: 0.710 loading class java/lang/invoke/WrongMethodTypeException
Event: 0.710 loading class java/lang/invoke/WrongMethodTypeException done
Event: 0.717 loading class java/lang/invoke/MethodHandleImpl$Lazy
Event: 0.717 loading class java/lang/invoke/MethodHandleImpl$Lazy done
Event: 0.717 loading class java/lang/invoke/MethodHandleImpl$IntrinsicMethodHandle
Event: 0.718 loading class java/lang/invoke/MethodHandleImpl$IntrinsicMethodHandle done
Event: 0.765 loading class java/lang/NoSuchFieldError
Event: 0.765 loading class java/lang/NoSuchFieldError done
Event: 0.766 loading class java/lang/IllegalAccessException
Event: 0.766 loading class java/lang/IllegalAccessException done


Dynamic libraries:
0x000000013fdb0000 - 0x000000013fde7000 	C:\Program Files\Java\jdk1.8.0_171\bin\java.exe
0x0000000077420000 - 0x00000000775bf000 	C:\Windows\SYSTEM32\ntdll.dll
0x0000000077200000 - 0x000000007731f000 	C:\Windows\system32\kernel32.dll
0x000007fefd420000 - 0x000007fefd487000 	C:\Windows\system32\KERNELBASE.dll
0x000007fefda70000 - 0x000007fefdb4b000 	C:\Windows\system32\ADVAPI32.dll
0x000007feff1c0000 - 0x000007feff25f000 	C:\Windows\system32\msvcrt.dll
0x000007fefd7d0000 - 0x000007fefd7ef000 	C:\Windows\SYSTEM32\sechost.dll
0x000007fefddc0000 - 0x000007fefdeec000 	C:\Windows\system32\RPCRT4.dll
0x0000000077320000 - 0x000000007741a000 	C:\Windows\system32\USER32.dll
0x000007fefdd50000 - 0x000007fefddb7000 	C:\Windows\system32\GDI32.dll
0x000007fefd7c0000 - 0x000007fefd7ce000 	C:\Windows\system32\LPK.dll
0x000007feff540000 - 0x000007feff60b000 	C:\Windows\system32\USP10.dll
0x000007fefbb90000 - 0x000007fefbd85000 	C:\Windows\WinSxS\amd64_microsoft.windows.common-controls_6595b64144ccf1df_6.0.7601.24460_none_e3711c5330fd38b4\COMCTL32.dll
0x000007feff610000 - 0x000007feff681000 	C:\Windows\system32\SHLWAPI.dll
0x000007feff130000 - 0x000007feff15e000 	C:\Windows\system32\IMM32.DLL
0x000007feff020000 - 0x000007feff129000 	C:\Windows\system32\MSCTF.dll
0x0000000066b50000 - 0x0000000066c22000 	C:\Program Files\Java\jdk1.8.0_171\jre\bin\msvcr100.dll
0x000000005bd10000 - 0x000000005c5b0000 	C:\Program Files\Java\jdk1.8.0_171\jre\bin\server\jvm.dll
0x000007fef7930000 - 0x000007fef7939000 	C:\Windows\system32\WSOCK32.dll
0x000007fefd770000 - 0x000007fefd7bd000 	C:\Windows\system32\WS2_32.dll
0x000007fefe280000 - 0x000007fefe288000 	C:\Windows\system32\NSI.dll
0x000007fefada0000 - 0x000007fefaddb000 	C:\Windows\system32\WINMM.dll
0x000007fefc220000 - 0x000007fefc22c000 	C:\Windows\system32\VERSION.dll
0x00000000775d0000 - 0x00000000775d7000 	C:\Windows\system32\PSAPI.DLL
0x00000000731f0000 - 0x00000000731ff000 	C:\Program Files\Java\jdk1.8.0_171\jre\bin\verify.dll
0x00000000731c0000 - 0x00000000731e9000 	C:\Program Files\Java\jdk1.8.0_171\jre\bin\java.dll
0x0000000073160000 - 0x0000000073176000 	C:\Program Files\Java\jdk1.8.0_171\jre\bin\zip.dll
0x000007fefe290000 - 0x000007feff01b000 	C:\Windows\system32\SHELL32.dll
0x000007fefdb50000 - 0x000007fefdd4f000 	C:\Windows\system32\ole32.dll
0x000007fefd150000 - 0x000007fefd15f000 	C:\Windows\system32\profapi.dll
0x0000000066800000 - 0x0000000066998000 	C:\Program Files\Java\jdk1.8.0_171\jre\bin\awt.dll
0x000007fefd690000 - 0x000007fefd76b000 	C:\Windows\system32\OLEAUT32.dll

VM Arguments:
jvm_args: -Dfile.encoding=UTF-8 
java_command: travel.management.system.Splash
java_class_path (initial): C:\Users\Dell\Documents\NetBeansProjects\Travel Management System\build\classes
Launcher Type: SUN_STANDARD

Environment Variables:
PATH=C:\Program Files (x86)\Common Files\Oracle\Java\javapath;C:\Windows\system32;C:\Windows;C:\Windows\System32\Wbem;C:\Windows\System32\WindowsPowerShell\v1.0\;C:\Program Files\dotnet\;C:\Program Files\Microsoft SQL Server\130\Tools\Binn\;C:\Program Files (x86)\Microsoft SQL Server\100\Tools\Binn\;C:\Program Files\Microsoft SQL Server\100\Tools\Binn\;C:\Program Files\Microsoft SQL Server\100\DTS\Binn\;C:\Program Files\Git\cmd;C:\Program Files (x86)\Microsoft VS Code\bin;C:\Program Files (x86)\nodejs\;C:\Program Files (x86)\nodejs;C:\Program Files\JetBrains\WebStorm 2021.2.1\bin;;C:\Program Files\JetBrains\IntelliJ IDEA Community Edition 2021.2.1\bin;;C:\Users\Dell\AppData\Local\Programs\Microsoft VS Code\bin
USERNAME=Dell
OS=Windows_NT
PROCESSOR_IDENTIFIER=Intel64 Family 6 Model 61 Stepping 4, GenuineIntel



---------------  S Y S T E M  ---------------

OS: Windows 7 , 64 bit Build 7601 (6.1.7601.24475)

CPU:total 4 (initial active 4) (2 cores per cpu, 2 threads per core) family 6 model 61 stepping 4, cmov, cx8, fxsr, mmx, sse, sse2, sse3, ssse3, sse4.1, sse4.2, popcnt, avx, avx2, aes, clmul, erms, 3dnowpref, lzcnt, ht, tsc, tscinvbit, bmi1, bmi2, adx

Memory: 4k page, physical 4102120k(269020k free), swap 16406580k(4836k free)

vm_info: Java HotSpot(TM) 64-Bit Server VM (25.171-b11) for windows-amd64 JRE (1.8.0_171-b11), built on Mar 28 2018 16:06:12 by "java_re" with MS VC++ 10.0 (VS2010)

time: Mon Feb 21 23:31:25 2022
elapsed time: 0 seconds (0d 0h 0m 0s)

