#
# There is insufficient memory for the Java Runtime Environment to continue.
# Native memory allocation (malloc) failed to allocate 32744 bytes for ChunkPool::allocate
# Possible reasons:
#   The system is out of physical RAM or swap space
#   In 32 bit mode, the process size limit was hit
# Possible solutions:
#   Reduce memory load on the system
#   Increase physical memory or swap space
#   Check if swap backing store is full
#   Use 64 bit Java on a 64 bit OS
#   Decrease Java heap size (-Xmx/-Xms)
#   Decrease number of Java threads
#   Decrease Java thread stack sizes (-Xss)
#   Set larger code cache with -XX:ReservedCodeCacheSize=
# This output file may be truncated or incomplete.
#
#  Out of Memory Error (allocation.cpp:273), pid=10212, tid=0x0000000000000544
#
# JRE version: Java(TM) SE Runtime Environment (8.0_171-b11) (build 1.8.0_171-b11)
# Java VM: Java HotSpot(TM) 64-Bit Server VM (25.171-b11 mixed mode windows-amd64 compressed oops)
# Failed to write core dump. Minidumps are not enabled by default on client versions of Windows
#

---------------  T H R E A D  ---------------

Current thread (0x0000000054ddd000):  JavaThread "C1 CompilerThread2" daemon [_thread_in_native, id=1348, stack(0x0000000056680000,0x0000000056780000)]

Stack: [0x0000000056680000,0x0000000056780000]
[error occurred during error reporting (printing stack bounds), id 0xc0000005]

Native frames: (J=compiled Java code, j=interpreted, Vv=VM code, C=native code)


Current CompileTask:
C1:   1489   20   !   3       java.io.BufferedReader::readLine (304 bytes)


---------------  P R O C E S S  ---------------

Java Threads: ( => current thread )
  0x0000000054ddf000 JavaThread "Service Thread" daemon [_thread_blocked, id=8196, stack(0x0000000056ec0000,0x0000000056fc0000)]
=>0x0000000054ddd000 JavaThread "C1 CompilerThread2" daemon [_thread_in_native, id=1348, stack(0x0000000056680000,0x0000000056780000)]
  0x0000000054ddc000 JavaThread "C2 CompilerThread1" daemon [_thread_blocked, id=2816, stack(0x00000000567e0000,0x00000000568e0000)]
  0x0000000054dd4000 JavaThread "C2 CompilerThread0" daemon [_thread_blocked, id=4548, stack(0x0000000056510000,0x0000000056610000)]
  0x0000000054dcf800 JavaThread "Attach Listener" daemon [_thread_blocked, id=5752, stack(0x00000000563f0000,0x00000000564f0000)]
  0x0000000054dce800 JavaThread "Signal Dispatcher" daemon [_thread_blocked, id=6676, stack(0x0000000056180000,0x0000000056280000)]
  0x0000000054db4800 JavaThread "Finalizer" daemon [_thread_blocked, id=8844, stack(0x0000000056290000,0x0000000056390000)]
  0x0000000054d73000 JavaThread "Reference Handler" daemon [_thread_blocked, id=6964, stack(0x0000000056060000,0x0000000056160000)]
  0x000000000221e800 JavaThread "main" [_thread_in_Java, id=8824, stack(0x0000000002550000,0x0000000002650000)]

Other Threads:
  0x0000000054d6b800 VMThread [stack: 0x0000000055f00000,0x0000000056000000] [id=6036]
  0x0000000056972800 WatcherThread [stack: 0x0000000056ff0000,0x00000000570f0000] [id=1408]

VM state:not at safepoint (normal execution)

VM Mutex/Monitor currently owned by a thread: None

Heap:
 PSYoungGen      total 18944K, used 1966K [0x00000000eb200000, 0x00000000ec700000, 0x0000000100000000)
  eden space 16384K, 12% used [0x00000000eb200000,0x00000000eb3eb930,0x00000000ec200000)
  from space 2560K, 0% used [0x00000000ec480000,0x00000000ec480000,0x00000000ec700000)
  to   space 2560K, 0% used [0x00000000ec200000,0x00000000ec200000,0x00000000ec480000)
 ParOldGen       total 44032K, used 0K [0x00000000c1600000, 0x00000000c4100000, 0x00000000eb200000)
  object space 44032K, 0% used [0x00000000c1600000,0x00000000c1600000,0x00000000c4100000)
 Metaspace       used 3884K, capacity 4664K, committed 4864K, reserved 1056768K
  class space    used 436K, capacity 511K, committed 512K, reserved 1048576K

Card table byte_map: [0x0000000011ce0000,0x0000000011ee0000] byte_map_base: 0x00000000116d5000

Marking Bits: (ParMarkBitMap*) 0x000000005c5308c0
 Begin Bits: [0x0000000012290000, 0x0000000013238000)
 End Bits:   [0x0000000013238000, 0x00000000141e0000)

Polling page: 0x00000000001c0000

CodeCache: size=245760Kb used=1143Kb max_used=1144Kb free=244616Kb
 bounds [0x0000000002920000, 0x0000000002b90000, 0x0000000011920000]
 total_blobs=353 nmethods=70 adapters=197
 compilation: enabled

Compilation events (10 events):
Event: 1.002 Thread 0x0000000054ddd000 nmethod 16 0x0000000002a2f190 code [0x0000000002a2f340, 0x0000000002a2fa58]
Event: 1.002 Thread 0x0000000054ddd000   11       3       java.lang.String::length (6 bytes)
Event: 1.003 Thread 0x0000000054ddd000 nmethod 11 0x0000000002a2fe10 code [0x0000000002a2ff60, 0x0000000002a300b0]
Event: 1.003 Thread 0x0000000054ddd000    6       3       java.util.Arrays::copyOfRange (63 bytes)
Event: 1.005 Thread 0x0000000054ddd000 nmethod 6 0x0000000002a30150 code [0x0000000002a30360, 0x0000000002a30e78]
Event: 1.044 Thread 0x0000000054ddd000   18       3       java.lang.System::getSecurityManager (4 bytes)
Event: 1.044 Thread 0x0000000054ddd000 nmethod 18 0x0000000002a329d0 code [0x0000000002a32b20, 0x0000000002a32c50]
Event: 1.049 Thread 0x0000000054ddd000   19       3       java.lang.Math::min (11 bytes)
Event: 1.049 Thread 0x0000000054ddd000 nmethod 19 0x0000000002a32cd0 code [0x0000000002a32e20, 0x0000000002a32fb0]
Event: 1.049 Thread 0x0000000054ddd000   20   !   3       java.io.BufferedReader::readLine (304 bytes)

GC Heap History (0 events):
No events

Deoptimization events (0 events):
No events

Classes redefined (0 events):
No events

Internal exceptions (2 events):
Event: 0.332 Thread 0x000000000221e800 Exception <a 'java/lang/NoSuchMethodError': Method sun.misc.Unsafe.defineClass(Ljava/lang/String;[BII)Ljava/lang/Class; name or signature does not match> (0x00000000eb207cb0) thrown at [C:\re\workspace\8-2-build-windows-amd64-cygwin\jdk8u171\10807\hotspot
Event: 0.332 Thread 0x000000000221e800 Exception <a 'java/lang/NoSuchMethodError': Method sun.misc.Unsafe.prefetchRead(Ljava/lang/Object;J)V name or signature does not match> (0x00000000eb207f98) thrown at [C:\re\workspace\8-2-build-windows-amd64-cygwin\jdk8u171\10807\hotspot\src\share\vm\prim

Events (10 events):
Event: 1.045 loading class java/util/LinkedHashMap$LinkedEntrySet
Event: 1.045 loading class java/util/LinkedHashMap$LinkedEntrySet done
Event: 1.045 loading class java/util/LinkedHashMap$LinkedEntryIterator
Event: 1.045 loading class java/util/LinkedHashMap$LinkedHashIterator
Event: 1.045 loading class java/util/LinkedHashMap$LinkedHashIterator done
Event: 1.045 loading class java/util/LinkedHashMap$LinkedEntryIterator done
Event: 1.046 loading class sun/misc/Launcher$BootClassPathHolder
Event: 1.046 loading class sun/misc/Launcher$BootClassPathHolder done
Event: 1.046 loading class sun/misc/Launcher$BootClassPathHolder$1
Event: 1.046 loading class sun/misc/Launcher$BootClassPathHolder$1 done


Dynamic libraries:
0x000000013fdb0000 - 0x000000013fde7000 	C:\Program Files\Java\jdk1.8.0_171\bin\java.exe
0x0000000077420000 - 0x00000000775bf000 	C:\Windows\SYSTEM32\ntdll.dll
0x0000000077200000 - 0x000000007731f000 	C:\Windows\system32\kernel32.dll
0x000007fefd420000 - 0x000007fefd487000 	C:\Windows\system32\KERNELBASE.dll
0x000007fefda70000 - 0x000007fefdb4b000 	C:\Windows\system32\ADVAPI32.dll
0x000007feff1c0000 - 0x000007feff25f000 	C:\Windows\system32\msvcrt.dll
0x000007fefd7d0000 - 0x000007fefd7ef000 	C:\Windows\SYSTEM32\sechost.dll
0x000007fefddc0000 - 0x000007fefdeec000 	C:\Windows\system32\RPCRT4.dll
0x0000000077320000 - 0x000000007741a000 	C:\Windows\system32\USER32.dll
0x000007fefdd50000 - 0x000007fefddb7000 	C:\Windows\system32\GDI32.dll
0x000007fefd7c0000 - 0x000007fefd7ce000 	C:\Windows\system32\LPK.dll
0x000007feff540000 - 0x000007feff60b000 	C:\Windows\system32\USP10.dll
0x000007fefbb90000 - 0x000007fefbd85000 	C:\Windows\WinSxS\amd64_microsoft.windows.common-controls_6595b64144ccf1df_6.0.7601.24460_none_e3711c5330fd38b4\COMCTL32.dll
0x000007feff610000 - 0x000007feff681000 	C:\Windows\system32\SHLWAPI.dll
0x000007feff130000 - 0x000007feff15e000 	C:\Windows\system32\IMM32.DLL
0x000007feff020000 - 0x000007feff129000 	C:\Windows\system32\MSCTF.dll
0x0000000066b50000 - 0x0000000066c22000 	C:\Program Files\Java\jdk1.8.0_171\jre\bin\msvcr100.dll
0x000000005bd10000 - 0x000000005c5b0000 	C:\Program Files\Java\jdk1.8.0_171\jre\bin\server\jvm.dll
0x000007fef7930000 - 0x000007fef7939000 	C:\Windows\system32\WSOCK32.dll
0x000007fefd770000 - 0x000007fefd7bd000 	C:\Windows\system32\WS2_32.dll
0x000007fefe280000 - 0x000007fefe288000 	C:\Windows\system32\NSI.dll
0x000007fefada0000 - 0x000007fefaddb000 	C:\Windows\system32\WINMM.dll
0x000007fefc220000 - 0x000007fefc22c000 	C:\Windows\system32\VERSION.dll
0x00000000775d0000 - 0x00000000775d7000 	C:\Windows\system32\PSAPI.DLL
0x00000000731f0000 - 0x00000000731ff000 	C:\Program Files\Java\jdk1.8.0_171\jre\bin\verify.dll
0x00000000731c0000 - 0x00000000731e9000 	C:\Program Files\Java\jdk1.8.0_171\jre\bin\java.dll
0x0000000073160000 - 0x0000000073176000 	C:\Program Files\Java\jdk1.8.0_171\jre\bin\zip.dll
0x000007fefe290000 - 0x000007feff01b000 	C:\Windows\system32\SHELL32.dll
0x000007fefdb50000 - 0x000007fefdd4f000 	C:\Windows\system32\ole32.dll
0x000007fefd150000 - 0x000007fefd15f000 	C:\Windows\system32\profapi.dll
0x0000000066800000 - 0x0000000066998000 	C:\Program Files\Java\jdk1.8.0_171\jre\bin\awt.dll
0x000007fefd690000 - 0x000007fefd76b000 	C:\Windows\system32\OLEAUT32.dll

VM Arguments:
jvm_args: -Dfile.encoding=UTF-8 
java_command: travel.management.system.Splash
java_class_path (initial): C:\Users\Dell\Documents\NetBeansProjects\Travel Management System\build\classes
Launcher Type: SUN_STANDARD

Environment Variables:
PATH=C:\Program Files (x86)\Common Files\Oracle\Java\javapath;C:\Windows\system32;C:\Windows;C:\Windows\System32\Wbem;C:\Windows\System32\WindowsPowerShell\v1.0\;C:\Program Files\dotnet\;C:\Program Files\Microsoft SQL Server\130\Tools\Binn\;C:\Program Files (x86)\Microsoft SQL Server\100\Tools\Binn\;C:\Program Files\Microsoft SQL Server\100\Tools\Binn\;C:\Program Files\Microsoft SQL Server\100\DTS\Binn\;C:\Program Files\Git\cmd;C:\Program Files (x86)\Microsoft VS Code\bin;C:\Program Files (x86)\nodejs\;C:\Program Files (x86)\nodejs;C:\Program Files\JetBrains\WebStorm 2021.2.1\bin;;C:\Program Files\JetBrains\IntelliJ IDEA Community Edition 2021.2.1\bin;;C:\Users\Dell\AppData\Local\Programs\Microsoft VS Code\bin
USERNAME=Dell
OS=Windows_NT
PROCESSOR_IDENTIFIER=Intel64 Family 6 Model 61 Stepping 4, GenuineIntel



---------------  S Y S T E M  ---------------

OS: Windows 7 , 64 bit Build 7601 (6.1.7601.24475)

CPU:total 4 (initial active 4) (2 cores per cpu, 2 threads per core) family 6 model 61 stepping 4, cmov, cx8, fxsr, mmx, sse, sse2, sse3, ssse3, sse4.1, sse4.2, popcnt, avx, avx2, aes, clmul, erms, 3dnowpref, lzcnt, ht, tsc, tscinvbit, bmi1, bmi2, adx

Memory: 4k page, physical 4102120k(462664k free), swap 16406580k(199620k free)

vm_info: Java HotSpot(TM) 64-Bit Server VM (25.171-b11) for windows-amd64 JRE (1.8.0_171-b11), built on Mar 28 2018 16:06:12 by "java_re" with MS VC++ 10.0 (VS2010)

time: Mon Feb 21 23:42:10 2022
elapsed time: 1 seconds (0d 0h 0m 1s)

